[ 2025-11-08 18:04:38,379 ] 1025 httpx - INFO - HTTP Request: GET https://dagshub.com/api/v1/user "HTTP/1.1 200 OK"
[ 2025-11-08 18:04:38,381 ] 107 dagshub - INFO - Accessing as dattateja99
[ 2025-11-08 18:04:38,640 ] 1025 httpx - INFO - HTTP Request: GET https://dagshub.com/api/v1/repos/dattateja99/Network_Security_System "HTTP/1.1 200 OK"
[ 2025-11-08 18:04:38,888 ] 1025 httpx - INFO - HTTP Request: GET https://dagshub.com/api/v1/user "HTTP/1.1 200 OK"
[ 2025-11-08 18:04:38,889 ] 107 dagshub - INFO - Initialized MLflow to track repo "dattateja99/Network_Security_System"
[ 2025-11-08 18:04:38,889 ] 107 dagshub - INFO - Repository dattateja99/Network_Security_System initialized!
[ 2025-11-08 18:06:01,778 ] 42 root - INFO - Start data Ingestion
[ 2025-11-08 18:06:03,749 ] 65 root - INFO - Performed train test split on the dataframe
[ 2025-11-08 18:06:03,749 ] 67 root - INFO - Exited split_data_as_train_test method of Data_Ingestion class
[ 2025-11-08 18:06:03,749 ] 75 root - INFO - Exporting train and test file path.
[ 2025-11-08 18:06:03,779 ] 84 root - INFO - Exported train and test file path.
[ 2025-11-08 18:06:03,779 ] 45 root - INFO - Data Ingestion completed and artifact: DataIngestionArtifact(trained_file_path='Artifacts/11_08_2025_18_04_37/data_ingestion/ingested/train.csv', test_file_path='Artifacts/11_08_2025_18_04_37/data_ingestion/ingested/test.csv')
[ 2025-11-08 18:06:03,783 ] 55 root - INFO - Initiate the data Validation
[ 2025-11-08 18:06:03,792 ] 32 root - INFO - Required number of columns:2
[ 2025-11-08 18:06:03,792 ] 33 root - INFO - Data frame has columns:31
[ 2025-11-08 18:06:03,792 ] 32 root - INFO - Required number of columns:2
[ 2025-11-08 18:06:03,792 ] 33 root - INFO - Data frame has columns:31
[ 2025-11-08 18:06:03,874 ] 63 root - INFO - Entered initiate_data_transformation method of DataTransformation class
[ 2025-11-08 18:06:03,874 ] 65 root - INFO - Starting data transformation
[ 2025-11-08 18:06:03,883 ] 48 root - INFO - Entered get_data_trnasformer_object method of Trnasformation class
[ 2025-11-08 18:06:03,883 ] 53 root - INFO - Initialise KNNImputer with {'missing_values': nan, 'n_neighbors': 3, 'weights': 'uniform'}
[ 2025-11-08 18:06:03,886 ] 46 root - INFO - Entered the save_object method of MainUtils class
[ 2025-11-08 18:06:03,887 ] 50 root - INFO - Exited the save_object method of MainUtils class
[ 2025-11-08 18:06:03,887 ] 46 root - INFO - Entered the save_object method of MainUtils class
[ 2025-11-08 18:06:03,888 ] 50 root - INFO - Exited the save_object method of MainUtils class
[ 2025-11-08 18:08:41,454 ] 46 root - INFO - Entered the save_object method of MainUtils class
[ 2025-11-08 18:08:41,454 ] 50 root - INFO - Exited the save_object method of MainUtils class
[ 2025-11-08 18:08:41,454 ] 46 root - INFO - Entered the save_object method of MainUtils class
[ 2025-11-08 18:08:41,468 ] 50 root - INFO - Exited the save_object method of MainUtils class
[ 2025-11-08 18:08:41,468 ] 150 root - INFO - Model trainer artifact: ModelTrainerArtifact(trained_model_file_path='Artifacts/11_08_2025_18_04_37/model_trainer/trained_model/model.pkl', train_metric_artifact=ClassificationMetricArtifact(f1_score=0.9907145740815503, precision_score=0.989516129032258, recall_score=0.9919159256265158), test_metric_artifact=ClassificationMetricArtifact(f1_score=0.9786008230452675, precision_score=0.9737919737919738, recall_score=0.9834574028122415))
