[ 2025-11-08 17:57:23,724 ] 1025 httpx - INFO - HTTP Request: GET https://dagshub.com/api/v1/user "HTTP/1.1 200 OK"
[ 2025-11-08 17:57:23,734 ] 107 dagshub - INFO - Accessing as dattateja99
[ 2025-11-08 17:57:23,950 ] 1025 httpx - INFO - HTTP Request: GET https://dagshub.com/api/v1/repos/dattateja99/Network_Security_System "HTTP/1.1 200 OK"
[ 2025-11-08 17:57:24,103 ] 1025 httpx - INFO - HTTP Request: GET https://dagshub.com/api/v1/user "HTTP/1.1 200 OK"
[ 2025-11-08 17:57:24,106 ] 107 dagshub - INFO - Initialized MLflow to track repo "dattateja99/Network_Security_System"
[ 2025-11-08 17:57:24,106 ] 107 dagshub - INFO - Repository dattateja99/Network_Security_System initialized!
[ 2025-11-08 17:57:24,107 ] 20 root - INFO - Initiate the data ingestion
[ 2025-11-08 17:57:26,946 ] 65 root - INFO - Performed train test split on the dataframe
[ 2025-11-08 17:57:26,946 ] 67 root - INFO - Exited split_data_as_train_test method of Data_Ingestion class
[ 2025-11-08 17:57:26,946 ] 75 root - INFO - Exporting train and test file path.
[ 2025-11-08 17:57:26,976 ] 84 root - INFO - Exported train and test file path.
[ 2025-11-08 17:57:26,976 ] 22 root - INFO - Data Initiation Completed
[ 2025-11-08 17:57:26,979 ] 26 root - INFO - Initiate the data Validation
[ 2025-11-08 17:57:26,988 ] 32 root - INFO - Required number of columns:2
[ 2025-11-08 17:57:26,988 ] 33 root - INFO - Data frame has columns:31
[ 2025-11-08 17:57:26,988 ] 32 root - INFO - Required number of columns:2
[ 2025-11-08 17:57:26,988 ] 33 root - INFO - Data frame has columns:31
[ 2025-11-08 17:57:27,066 ] 28 root - INFO - data Validation Completed
[ 2025-11-08 17:57:27,067 ] 31 root - INFO - data Transformation started
[ 2025-11-08 17:57:27,067 ] 63 root - INFO - Entered initiate_data_transformation method of DataTransformation class
[ 2025-11-08 17:57:27,067 ] 65 root - INFO - Starting data transformation
[ 2025-11-08 17:57:27,077 ] 48 root - INFO - Entered get_data_trnasformer_object method of Trnasformation class
[ 2025-11-08 17:57:27,077 ] 53 root - INFO - Initialise KNNImputer with {'missing_values': nan, 'n_neighbors': 3, 'weights': 'uniform'}
[ 2025-11-08 17:57:27,080 ] 46 root - INFO - Entered the save_object method of MainUtils class
[ 2025-11-08 17:57:27,081 ] 50 root - INFO - Exited the save_object method of MainUtils class
[ 2025-11-08 17:57:27,081 ] 46 root - INFO - Entered the save_object method of MainUtils class
[ 2025-11-08 17:57:27,081 ] 50 root - INFO - Exited the save_object method of MainUtils class
[ 2025-11-08 17:57:27,082 ] 35 root - INFO - data Transformation completed
[ 2025-11-08 17:57:27,082 ] 37 root - INFO - Model Training started
[ 2025-11-08 17:59:47,811 ] 46 root - INFO - Entered the save_object method of MainUtils class
[ 2025-11-08 17:59:47,812 ] 50 root - INFO - Exited the save_object method of MainUtils class
[ 2025-11-08 17:59:47,812 ] 46 root - INFO - Entered the save_object method of MainUtils class
[ 2025-11-08 17:59:47,833 ] 50 root - INFO - Exited the save_object method of MainUtils class
[ 2025-11-08 17:59:47,833 ] 150 root - INFO - Model trainer artifact: ModelTrainerArtifact(trained_model_file_path='Artifacts/11_08_2025_17_57_22/model_trainer/trained_model/model.pkl', train_metric_artifact=ClassificationMetricArtifact(f1_score=0.9912849614916903, precision_score=0.9896802913800081, recall_score=0.9928948436865611), test_metric_artifact=ClassificationMetricArtifact(f1_score=0.9761230271145286, precision_score=0.9725806451612903, recall_score=0.9796913078797725))
[ 2025-11-08 17:59:47,836 ] 42 root - INFO - Model Training artifact created
