[ 2025-11-08 17:46:06,470 ] 1025 httpx - INFO - HTTP Request: GET https://dagshub.com/api/v1/user "HTTP/1.1 200 OK"
[ 2025-11-08 17:46:06,474 ] 107 dagshub - INFO - Accessing as dattateja99
[ 2025-11-08 17:46:06,721 ] 1025 httpx - INFO - HTTP Request: GET https://dagshub.com/api/v1/repos/dattateja99/Network_Security_System "HTTP/1.1 200 OK"
[ 2025-11-08 17:46:06,940 ] 1025 httpx - INFO - HTTP Request: GET https://dagshub.com/api/v1/user "HTTP/1.1 200 OK"
[ 2025-11-08 17:46:06,944 ] 107 dagshub - INFO - Initialized MLflow to track repo "dattateja99/Network_Security_System"
[ 2025-11-08 17:46:06,944 ] 107 dagshub - INFO - Repository dattateja99/Network_Security_System initialized!
[ 2025-11-08 17:46:06,945 ] 20 root - INFO - Initiate the data ingestion
[ 2025-11-08 17:46:08,996 ] 65 root - INFO - Performed train test split on the dataframe
[ 2025-11-08 17:46:08,996 ] 67 root - INFO - Exited split_data_as_train_test method of Data_Ingestion class
[ 2025-11-08 17:46:08,996 ] 75 root - INFO - Exporting train and test file path.
[ 2025-11-08 17:46:09,025 ] 84 root - INFO - Exported train and test file path.
[ 2025-11-08 17:46:09,026 ] 22 root - INFO - Data Initiation Completed
[ 2025-11-08 17:46:09,029 ] 26 root - INFO - Initiate the data Validation
[ 2025-11-08 17:46:09,039 ] 32 root - INFO - Required number of columns:2
[ 2025-11-08 17:46:09,039 ] 33 root - INFO - Data frame has columns:31
[ 2025-11-08 17:46:09,039 ] 32 root - INFO - Required number of columns:2
[ 2025-11-08 17:46:09,039 ] 33 root - INFO - Data frame has columns:31
[ 2025-11-08 17:46:09,115 ] 28 root - INFO - data Validation Completed
[ 2025-11-08 17:46:09,115 ] 31 root - INFO - data Transformation started
[ 2025-11-08 17:46:09,115 ] 63 root - INFO - Entered initiate_data_transformation method of DataTransformation class
[ 2025-11-08 17:46:09,115 ] 65 root - INFO - Starting data transformation
[ 2025-11-08 17:46:09,124 ] 48 root - INFO - Entered get_data_trnasformer_object method of Trnasformation class
[ 2025-11-08 17:46:09,124 ] 53 root - INFO - Initialise KNNImputer with {'missing_values': nan, 'n_neighbors': 3, 'weights': 'uniform'}
[ 2025-11-08 17:46:09,129 ] 46 root - INFO - Entered the save_object method of MainUtils class
[ 2025-11-08 17:46:09,130 ] 50 root - INFO - Exited the save_object method of MainUtils class
[ 2025-11-08 17:46:09,130 ] 46 root - INFO - Entered the save_object method of MainUtils class
[ 2025-11-08 17:46:09,131 ] 50 root - INFO - Exited the save_object method of MainUtils class
[ 2025-11-08 17:46:09,131 ] 35 root - INFO - data Transformation completed
[ 2025-11-08 17:46:09,132 ] 37 root - INFO - Model Training started
