[ 2025-11-08 17:53:39,156 ] 1025 httpx - INFO - HTTP Request: GET https://dagshub.com/api/v1/user "HTTP/1.1 200 OK"
[ 2025-11-08 17:53:39,163 ] 107 dagshub - INFO - Accessing as dattateja99
[ 2025-11-08 17:53:39,432 ] 1025 httpx - INFO - HTTP Request: GET https://dagshub.com/api/v1/repos/dattateja99/Network_Security_System "HTTP/1.1 200 OK"
[ 2025-11-08 17:53:39,648 ] 1025 httpx - INFO - HTTP Request: GET https://dagshub.com/api/v1/user "HTTP/1.1 200 OK"
[ 2025-11-08 17:53:39,648 ] 107 dagshub - INFO - Initialized MLflow to track repo "dattateja99/Network_Security_System"
[ 2025-11-08 17:53:39,649 ] 107 dagshub - INFO - Repository dattateja99/Network_Security_System initialized!
[ 2025-11-08 17:53:39,649 ] 20 root - INFO - Initiate the data ingestion
[ 2025-11-08 17:53:41,720 ] 65 root - INFO - Performed train test split on the dataframe
[ 2025-11-08 17:53:41,720 ] 67 root - INFO - Exited split_data_as_train_test method of Data_Ingestion class
[ 2025-11-08 17:53:41,720 ] 75 root - INFO - Exporting train and test file path.
[ 2025-11-08 17:53:41,749 ] 84 root - INFO - Exported train and test file path.
[ 2025-11-08 17:53:41,749 ] 22 root - INFO - Data Initiation Completed
[ 2025-11-08 17:53:41,752 ] 26 root - INFO - Initiate the data Validation
[ 2025-11-08 17:53:41,762 ] 32 root - INFO - Required number of columns:2
[ 2025-11-08 17:53:41,762 ] 33 root - INFO - Data frame has columns:31
[ 2025-11-08 17:53:41,762 ] 32 root - INFO - Required number of columns:2
[ 2025-11-08 17:53:41,762 ] 33 root - INFO - Data frame has columns:31
[ 2025-11-08 17:53:41,861 ] 28 root - INFO - data Validation Completed
[ 2025-11-08 17:53:41,861 ] 31 root - INFO - data Transformation started
[ 2025-11-08 17:53:41,861 ] 63 root - INFO - Entered initiate_data_transformation method of DataTransformation class
[ 2025-11-08 17:53:41,861 ] 65 root - INFO - Starting data transformation
[ 2025-11-08 17:53:41,870 ] 48 root - INFO - Entered get_data_trnasformer_object method of Trnasformation class
[ 2025-11-08 17:53:41,870 ] 53 root - INFO - Initialise KNNImputer with {'missing_values': nan, 'n_neighbors': 3, 'weights': 'uniform'}
[ 2025-11-08 17:53:41,874 ] 46 root - INFO - Entered the save_object method of MainUtils class
[ 2025-11-08 17:53:41,874 ] 50 root - INFO - Exited the save_object method of MainUtils class
[ 2025-11-08 17:53:41,874 ] 46 root - INFO - Entered the save_object method of MainUtils class
[ 2025-11-08 17:53:41,876 ] 50 root - INFO - Exited the save_object method of MainUtils class
[ 2025-11-08 17:53:41,876 ] 35 root - INFO - data Transformation completed
[ 2025-11-08 17:53:41,876 ] 37 root - INFO - Model Training started
